c:\users\dorian\documents\visual studio 2015\projects\sdlgame\sdlgame\debug\vc140.pdb
c:\users\dorian\documents\visual studio 2015\projects\sdlgame\sdlgame\debug\vc140.idb
c:\users\dorian\documents\visual studio 2015\projects\sdlgame\sdlgame\debug\application.obj
c:\users\dorian\documents\visual studio 2015\projects\sdlgame\sdlgame\debug\log.obj
c:\users\dorian\documents\visual studio 2015\projects\sdlgame\sdlgame\debug\main.obj
c:\users\dorian\documents\visual studio 2015\projects\sdlgame\sdlgame\debug\moduleaudio.obj
c:\users\dorian\documents\visual studio 2015\projects\sdlgame\sdlgame\debug\moduleinput.obj
c:\users\dorian\documents\visual studio 2015\projects\sdlgame\sdlgame\debug\modulerender.obj
c:\users\dorian\documents\visual studio 2015\projects\sdlgame\sdlgame\debug\modulescene.obj
c:\users\dorian\documents\visual studio 2015\projects\sdlgame\sdlgame\debug\moduletextures.obj
c:\users\dorian\documents\visual studio 2015\projects\sdlgame\sdlgame\debug\modulewindow.obj
c:\users\dorian\documents\visual studio 2015\projects\sdlgame\game\sdlgame.pdb
c:\users\dorian\documents\visual studio 2015\projects\sdlgame\sdlgame\debug\sdlgame.tlog\cl.command.1.tlog
c:\users\dorian\documents\visual studio 2015\projects\sdlgame\sdlgame\debug\sdlgame.tlog\cl.read.1.tlog
c:\users\dorian\documents\visual studio 2015\projects\sdlgame\sdlgame\debug\sdlgame.tlog\cl.write.1.tlog
c:\users\dorian\documents\visual studio 2015\projects\sdlgame\sdlgame\debug\sdlgame.tlog\link-cvtres.read.1.tlog
c:\users\dorian\documents\visual studio 2015\projects\sdlgame\sdlgame\debug\sdlgame.tlog\link-cvtres.write.1.tlog
c:\users\dorian\documents\visual studio 2015\projects\sdlgame\sdlgame\debug\sdlgame.tlog\link-rc.read.1.tlog
c:\users\dorian\documents\visual studio 2015\projects\sdlgame\sdlgame\debug\sdlgame.tlog\link-rc.write.1.tlog
c:\users\dorian\documents\visual studio 2015\projects\sdlgame\sdlgame\debug\sdlgame.tlog\link.command.1.tlog
c:\users\dorian\documents\visual studio 2015\projects\sdlgame\sdlgame\debug\sdlgame.tlog\link.read.1.tlog
c:\users\dorian\documents\visual studio 2015\projects\sdlgame\sdlgame\debug\sdlgame.tlog\link.write.1.tlog
